<?xml version="1.0" encoding="UTF-8"?>
<testng-results skipped="0" failed="0" ignored="0" total="1" passed="1">
  <reporter-output>
  </reporter-output>
  <suite name="Default suite" duration-ms="13339" started-at="2019-09-17T05:46:12Z" finished-at="2019-09-17T05:46:25Z">
    <groups>
    </groups>
    <test name="Default test" duration-ms="13339" started-at="2019-09-17T05:46:12Z" finished-at="2019-09-17T05:46:25Z">
      <class name="seleniumBasics.BasicDriver4">
        <test-method status="PASS" signature="launchSite()[pri:0, instance:seleniumBasics.BasicDriver4@d8355a8]" name="launchSite" duration-ms="13314" started-at="2019-09-17T05:46:12Z" finished-at="2019-09-17T05:46:25Z">
          <reporter-output>
          </reporter-output>
        </test-method> <!-- launchSite -->
      </class> <!-- seleniumBasics.BasicDriver4 -->
    </test> <!-- Default test -->
  </suite> <!-- Default suite -->
</testng-results>
